<?xml version="1.0" encoding="UTF-8"?>
<testng-results ignored="0" total="1" passed="1" failed="0" skipped="0">
  <reporter-output>
  </reporter-output>
  <suite started-at="2024-01-29T18:15:26 IST" name="Default suite" finished-at="2024-01-29T18:15:41 IST" duration-ms="14948">
    <groups>
    </groups>
    <test started-at="2024-01-29T18:15:26 IST" name="Default test" finished-at="2024-01-29T18:15:41 IST" duration-ms="14948">
      <class name="Automation.ExtendsReports.ExtentReportsDemo">
        <test-method is-config="true" signature="config()[pri:0, instance:Automation.ExtendsReports.ExtentReportsDemo@51e69659]" started-at="2024-01-29T18:15:26 IST" name="config" finished-at="2024-01-29T18:15:27 IST" duration-ms="513" status="PASS">
          <reporter-output>
          </reporter-output>
        </test-method> <!-- config -->
        <test-method signature="initialDemo()[pri:0, instance:Automation.ExtendsReports.ExtentReportsDemo@51e69659]" started-at="2024-01-29T18:15:27 IST" name="initialDemo" finished-at="2024-01-29T18:15:41 IST" duration-ms="14395" status="PASS">
          <reporter-output>
          </reporter-output>
        </test-method> <!-- initialDemo -->
      </class> <!-- Automation.ExtendsReports.ExtentReportsDemo -->
    </test> <!-- Default test -->
  </suite> <!-- Default suite -->
</testng-results>
